C:\USERS\BIG L\DOCUMENTS\VISUAL STUDIO 2010\PROJECTS\OPENGL_3_3ENGINE\OPENGL_3_3ENGINE\DEBUG\AUDIO.OBJ
C:\USERS\BIG L\DOCUMENTS\VISUAL STUDIO 2010\PROJECTS\OPENGL_3_3ENGINE\OPENGL_3_3ENGINE\DEBUG\CAMERA.OBJ
C:\USERS\BIG L\DOCUMENTS\VISUAL STUDIO 2010\PROJECTS\OPENGL_3_3ENGINE\OPENGL_3_3ENGINE\DEBUG\CUBEMAP.OBJ
C:\USERS\BIG L\DOCUMENTS\VISUAL STUDIO 2010\PROJECTS\OPENGL_3_3ENGINE\OPENGL_3_3ENGINE\DEBUG\FRAMEBUFFER.OBJ
C:\USERS\BIG L\DOCUMENTS\VISUAL STUDIO 2010\PROJECTS\OPENGL_3_3ENGINE\OPENGL_3_3ENGINE\DEBUG\FRUSTUM.OBJ
C:\USERS\BIG L\DOCUMENTS\VISUAL STUDIO 2010\PROJECTS\OPENGL_3_3ENGINE\OPENGL_3_3ENGINE\DEBUG\GLINFO.OBJ
C:\USERS\BIG L\DOCUMENTS\VISUAL STUDIO 2010\PROJECTS\OPENGL_3_3ENGINE\OPENGL_3_3ENGINE\DEBUG\IMAGEUTILS.OBJ
C:\USERS\BIG L\DOCUMENTS\VISUAL STUDIO 2010\PROJECTS\OPENGL_3_3ENGINE\OPENGL_3_3ENGINE\DEBUG\JOYPAD.OBJ
C:\USERS\BIG L\DOCUMENTS\VISUAL STUDIO 2010\PROJECTS\OPENGL_3_3ENGINE\OPENGL_3_3ENGINE\DEBUG\MAINAPP.OBJ
C:\USERS\BIG L\DOCUMENTS\VISUAL STUDIO 2010\PROJECTS\OPENGL_3_3ENGINE\OPENGL_3_3ENGINE\DEBUG\OBJECTDATA.OBJ
C:\USERS\BIG L\DOCUMENTS\VISUAL STUDIO 2010\PROJECTS\OPENGL_3_3ENGINE\OPENGL_3_3ENGINE\DEBUG\OPENGL_3_3ENGINE.OBJ
C:\USERS\BIG L\DOCUMENTS\VISUAL STUDIO 2010\PROJECTS\OPENGL_3_3ENGINE\OPENGL_3_3ENGINE\DEBUG\RESOURCEMANAGER.OBJ
C:\USERS\BIG L\DOCUMENTS\VISUAL STUDIO 2010\PROJECTS\OPENGL_3_3ENGINE\OPENGL_3_3ENGINE\DEBUG\RIGIDBODY.OBJ
C:\USERS\BIG L\DOCUMENTS\VISUAL STUDIO 2010\PROJECTS\OPENGL_3_3ENGINE\OPENGL_3_3ENGINE\DEBUG\SCRIPT.OBJ
C:\USERS\BIG L\DOCUMENTS\VISUAL STUDIO 2010\PROJECTS\OPENGL_3_3ENGINE\OPENGL_3_3ENGINE\DEBUG\SHADER.OBJ
C:\USERS\BIG L\DOCUMENTS\VISUAL STUDIO 2010\PROJECTS\OPENGL_3_3ENGINE\OPENGL_3_3ENGINE\DEBUG\SKYDOME.OBJ
C:\USERS\BIG L\DOCUMENTS\VISUAL STUDIO 2010\PROJECTS\OPENGL_3_3ENGINE\OPENGL_3_3ENGINE\DEBUG\STATICMESH.OBJ
C:\USERS\BIG L\DOCUMENTS\VISUAL STUDIO 2010\PROJECTS\OPENGL_3_3ENGINE\OPENGL_3_3ENGINE\DEBUG\TEXTURE.OBJ
C:\USERS\BIG L\DOCUMENTS\VISUAL STUDIO 2010\PROJECTS\OPENGL_3_3ENGINE\OPENGL_3_3ENGINE\DEBUG\TIMER.OBJ
C:\USERS\BIG L\DOCUMENTS\VISUAL STUDIO 2010\PROJECTS\OPENGL_3_3ENGINE\OPENGL_3_3ENGINE\DEBUG\VC100.PDB
C:\USERS\BIG L\DOCUMENTS\VISUAL STUDIO 2010\PROJECTS\OPENGL_3_3ENGINE\LIB\OPENGL_3_3ENGINE.LIB
C:\Users\Big L\Documents\Visual Studio 2010\Projects\OpenGL_3_3Engine\OpenGL_3_3Engine\Debug\Audio.obj
C:\Users\Big L\Documents\Visual Studio 2010\Projects\OpenGL_3_3Engine\OpenGL_3_3Engine\Debug\Camera.obj
C:\Users\Big L\Documents\Visual Studio 2010\Projects\OpenGL_3_3Engine\OpenGL_3_3Engine\Debug\CubeMap.obj
C:\Users\Big L\Documents\Visual Studio 2010\Projects\OpenGL_3_3Engine\OpenGL_3_3Engine\Debug\Framebuffer.obj
C:\Users\Big L\Documents\Visual Studio 2010\Projects\OpenGL_3_3Engine\OpenGL_3_3Engine\Debug\Frustum.obj
C:\Users\Big L\Documents\Visual Studio 2010\Projects\OpenGL_3_3Engine\OpenGL_3_3Engine\Debug\glInfo.obj
C:\Users\Big L\Documents\Visual Studio 2010\Projects\OpenGL_3_3Engine\OpenGL_3_3Engine\Debug\ImageUtils.obj
C:\Users\Big L\Documents\Visual Studio 2010\Projects\OpenGL_3_3Engine\OpenGL_3_3Engine\Debug\Joypad.obj
C:\Users\Big L\Documents\Visual Studio 2010\Projects\OpenGL_3_3Engine\OpenGL_3_3Engine\Debug\MainApp.obj
C:\Users\Big L\Documents\Visual Studio 2010\Projects\OpenGL_3_3Engine\OpenGL_3_3Engine\Debug\ObjectData.obj
C:\Users\Big L\Documents\Visual Studio 2010\Projects\OpenGL_3_3Engine\OpenGL_3_3Engine\Debug\OpenGL_3_3Engine.obj
C:\Users\Big L\Documents\Visual Studio 2010\Projects\OpenGL_3_3Engine\OpenGL_3_3Engine\Debug\ResourceManager.obj
C:\Users\Big L\Documents\Visual Studio 2010\Projects\OpenGL_3_3Engine\OpenGL_3_3Engine\Debug\RigidBody.obj
C:\Users\Big L\Documents\Visual Studio 2010\Projects\OpenGL_3_3Engine\OpenGL_3_3Engine\Debug\Script.obj
C:\Users\Big L\Documents\Visual Studio 2010\Projects\OpenGL_3_3Engine\OpenGL_3_3Engine\Debug\Shader.obj
C:\Users\Big L\Documents\Visual Studio 2010\Projects\OpenGL_3_3Engine\OpenGL_3_3Engine\Debug\SkyDome.obj
C:\Users\Big L\Documents\Visual Studio 2010\Projects\OpenGL_3_3Engine\OpenGL_3_3Engine\Debug\StaticMesh.obj
C:\Users\Big L\Documents\Visual Studio 2010\Projects\OpenGL_3_3Engine\OpenGL_3_3Engine\Debug\Texture.obj
C:\Users\Big L\Documents\Visual Studio 2010\Projects\OpenGL_3_3Engine\OpenGL_3_3Engine\Debug\Timer.obj
C:\Users\Big L\Documents\Visual Studio 2010\Projects\OpenGL_3_3Engine\OpenGL_3_3Engine\Debug\cl.command.1.tlog
C:\Users\Big L\Documents\Visual Studio 2010\Projects\OpenGL_3_3Engine\OpenGL_3_3Engine\Debug\CL.read.1.tlog
C:\Users\Big L\Documents\Visual Studio 2010\Projects\OpenGL_3_3Engine\OpenGL_3_3Engine\Debug\CL.write.1.tlog
C:\Users\Big L\Documents\Visual Studio 2010\Projects\OpenGL_3_3Engine\OpenGL_3_3Engine\Debug\Lib-link.read.1.tlog
C:\Users\Big L\Documents\Visual Studio 2010\Projects\OpenGL_3_3Engine\OpenGL_3_3Engine\Debug\Lib-link.write.1.tlog
C:\Users\Big L\Documents\Visual Studio 2010\Projects\OpenGL_3_3Engine\OpenGL_3_3Engine\Debug\lib.command.1.tlog
C:\Users\Big L\Documents\Visual Studio 2010\Projects\OpenGL_3_3Engine\OpenGL_3_3Engine\Debug\vc100.idb
C:\Users\Big L\Documents\Visual Studio 2010\Projects\OpenGL_3_3Engine\OpenGL_3_3Engine\Debug\vc100.pdb
C:\Users\Big L\Documents\Visual Studio 2010\Projects\OpenGL_3_3Engine\OpenGL_3_3Engine\..\lib\OpenGL_3_3Engine.lib
